PREHOOK: query: CREATE TABLE t1 (a int, `default` int) stored as orc TBLPROPERTIES ('transactional'='true')
PREHOOK: type: CREATETABLE
PREHOOK: Output: database:default
PREHOOK: Output: default@t1
POSTHOOK: query: CREATE TABLE t1 (a int, `default` int) stored as orc TBLPROPERTIES ('transactional'='true')
POSTHOOK: type: CREATETABLE
POSTHOOK: Output: database:default
POSTHOOK: Output: default@t1
PREHOOK: query: insert into t1 values (1, 2), (10, 11)
PREHOOK: type: QUERY
PREHOOK: Input: _dummy_database@_dummy_table
PREHOOK: Output: default@t1
POSTHOOK: query: insert into t1 values (1, 2), (10, 11)
POSTHOOK: type: QUERY
POSTHOOK: Input: _dummy_database@_dummy_table
POSTHOOK: Output: default@t1
POSTHOOK: Lineage: t1.a SCRIPT []
POSTHOOK: Lineage: t1.default SCRIPT []
PREHOOK: query: explain
update t1 set a = `default`
PREHOOK: type: QUERY
PREHOOK: Input: default@t1
PREHOOK: Output: default@t1
POSTHOOK: query: explain
update t1 set a = `default`
POSTHOOK: type: QUERY
POSTHOOK: Input: default@t1
POSTHOOK: Output: default@t1
STAGE DEPENDENCIES:
  Stage-1 is a root stage
  Stage-0 depends on stages: Stage-1
  Stage-2 depends on stages: Stage-0

STAGE PLANS:
  Stage: Stage-1
    Map Reduce
      Map Operator Tree:
          TableScan
            alias: t1
            Statistics: Num rows: 2 Data size: 7010 Basic stats: COMPLETE Column stats: NONE
            Select Operator
              expressions: ROW__ID (type: struct<writeid:bigint,bucketid:int,rowid:bigint>), default (type: int)
              outputColumnNames: _col0, _col1
              Statistics: Num rows: 2 Data size: 7010 Basic stats: COMPLETE Column stats: NONE
              Reduce Output Operator
                key expressions: _col0 (type: struct<writeid:bigint,bucketid:int,rowid:bigint>)
                null sort order: z
                sort order: +
                Map-reduce partition columns: UDFToInteger(_col0) (type: int)
                Statistics: Num rows: 2 Data size: 7010 Basic stats: COMPLETE Column stats: NONE
                value expressions: _col1 (type: int)
      Execution mode: vectorized
      Reduce Operator Tree:
        Select Operator
          expressions: KEY.reducesinkkey0 (type: struct<writeid:bigint,bucketid:int,rowid:bigint>), VALUE._col0 (type: int), VALUE._col0 (type: int)
          outputColumnNames: _col0, _col1, _col2
          Statistics: Num rows: 2 Data size: 7010 Basic stats: COMPLETE Column stats: NONE
          File Output Operator
            compressed: false
            Statistics: Num rows: 2 Data size: 7010 Basic stats: COMPLETE Column stats: NONE
            table:
                input format: org.apache.hadoop.hive.ql.io.orc.OrcInputFormat
                output format: org.apache.hadoop.hive.ql.io.orc.OrcOutputFormat
                serde: org.apache.hadoop.hive.ql.io.orc.OrcSerde
                name: default.t1
            Write Type: UPDATE

  Stage: Stage-0
    Move Operator
      tables:
          replace: false
          table:
              input format: org.apache.hadoop.hive.ql.io.orc.OrcInputFormat
              output format: org.apache.hadoop.hive.ql.io.orc.OrcOutputFormat
              serde: org.apache.hadoop.hive.ql.io.orc.OrcSerde
              name: default.t1
          Write Type: UPDATE

  Stage: Stage-2
    Stats Work
      Basic Stats Work:

PREHOOK: query: update t1 set a = `default`
PREHOOK: type: QUERY
PREHOOK: Input: default@t1
PREHOOK: Output: default@t1
POSTHOOK: query: update t1 set a = `default`
POSTHOOK: type: QUERY
POSTHOOK: Input: default@t1
POSTHOOK: Output: default@t1
PREHOOK: query: select * from t1
PREHOOK: type: QUERY
PREHOOK: Input: default@t1
#### A masked pattern was here ####
POSTHOOK: query: select * from t1
POSTHOOK: type: QUERY
POSTHOOK: Input: default@t1
#### A masked pattern was here ####
11	11
2	2
