PREHOOK: query: drop table if exists t
PREHOOK: type: DROPTABLE
POSTHOOK: query: drop table if exists t
POSTHOOK: type: DROPTABLE
PREHOOK: query: drop table if exists t2
PREHOOK: type: DROPTABLE
POSTHOOK: query: drop table if exists t2
POSTHOOK: type: DROPTABLE
PREHOOK: query: drop table if exists t3
PREHOOK: type: DROPTABLE
POSTHOOK: query: drop table if exists t3
POSTHOOK: type: DROPTABLE
PREHOOK: query: create table t (a integer)
PREHOOK: type: CREATETABLE
PREHOOK: Output: database:default
PREHOOK: Output: default@t
POSTHOOK: query: create table t (a integer)
POSTHOOK: type: CREATETABLE
POSTHOOK: Output: database:default
POSTHOOK: Output: default@t
PREHOOK: query: create table t2 (a integer)
PREHOOK: type: CREATETABLE
PREHOOK: Output: database:default
PREHOOK: Output: default@t2
POSTHOOK: query: create table t2 (a integer)
POSTHOOK: type: CREATETABLE
POSTHOOK: Output: database:default
POSTHOOK: Output: default@t2
PREHOOK: query: create table t3 (a integer)
PREHOOK: type: CREATETABLE
PREHOOK: Output: database:default
PREHOOK: Output: default@t3
POSTHOOK: query: create table t3 (a integer)
POSTHOOK: type: CREATETABLE
POSTHOOK: Output: database:default
POSTHOOK: Output: default@t3
PREHOOK: query: alter table t set tblproperties ('bucketing_version'='1')
PREHOOK: type: ALTERTABLE_PROPERTIES
PREHOOK: Input: default@t
PREHOOK: Output: default@t
POSTHOOK: query: alter table t set tblproperties ('bucketing_version'='1')
POSTHOOK: type: ALTERTABLE_PROPERTIES
POSTHOOK: Input: default@t
POSTHOOK: Output: default@t
PREHOOK: query: alter table t2 set tblproperties ('bucketing_version'='2')
PREHOOK: type: ALTERTABLE_PROPERTIES
PREHOOK: Input: default@t2
PREHOOK: Output: default@t2
POSTHOOK: query: alter table t2 set tblproperties ('bucketing_version'='2')
POSTHOOK: type: ALTERTABLE_PROPERTIES
POSTHOOK: Input: default@t2
POSTHOOK: Output: default@t2
PREHOOK: query: alter table t3 set tblproperties ('bucketing_version'='2')
PREHOOK: type: ALTERTABLE_PROPERTIES
PREHOOK: Input: default@t3
PREHOOK: Output: default@t3
POSTHOOK: query: alter table t3 set tblproperties ('bucketing_version'='2')
POSTHOOK: type: ALTERTABLE_PROPERTIES
POSTHOOK: Input: default@t3
POSTHOOK: Output: default@t3
PREHOOK: query: explain
from t3
insert into t select a
insert into t2 select a
PREHOOK: type: QUERY
PREHOOK: Input: default@t3
PREHOOK: Output: default@t
PREHOOK: Output: default@t2
POSTHOOK: query: explain
from t3
insert into t select a
insert into t2 select a
POSTHOOK: type: QUERY
POSTHOOK: Input: default@t3
POSTHOOK: Output: default@t
POSTHOOK: Output: default@t2
STAGE DEPENDENCIES:
  Stage-2 is a root stage
  Stage-8 depends on stages: Stage-2 , consists of Stage-5, Stage-4, Stage-6
  Stage-5
  Stage-0 depends on stages: Stage-5, Stage-4, Stage-7
  Stage-3 depends on stages: Stage-0, Stage-10
  Stage-4
  Stage-6
  Stage-7 depends on stages: Stage-6
  Stage-1 depends on stages: Stage-2
  Stage-9 depends on stages: Stage-1, Stage-10
  Stage-10 depends on stages: Stage-2

STAGE PLANS:
  Stage: Stage-2
    Map Reduce
      Map Operator Tree:
          TableScan
            alias: t3
            Statistics: Num rows: 1 Data size: 0 Basic stats: PARTIAL Column stats: NONE
            Select Operator
              expressions: a (type: int)
              outputColumnNames: _col0
              Statistics: Num rows: 1 Data size: 0 Basic stats: PARTIAL Column stats: NONE
              File Output Operator
                compressed: false
                Statistics: Num rows: 1 Data size: 0 Basic stats: PARTIAL Column stats: NONE
                table:
                    input format: org.apache.hadoop.mapred.TextInputFormat
                    output format: org.apache.hadoop.hive.ql.io.HiveIgnoreKeyTextOutputFormat
                    serde: org.apache.hadoop.hive.serde2.lazy.LazySimpleSerDe
                    name: default.t
              Select Operator
                expressions: _col0 (type: int)
                outputColumnNames: a
                Statistics: Num rows: 1 Data size: 0 Basic stats: PARTIAL Column stats: NONE
                Group By Operator
                  aggregations: compute_stats(a, 'hll')
                  minReductionHashAggr: 0.99
                  mode: hash
                  outputColumnNames: _col0
                  Statistics: Num rows: 1 Data size: 424 Basic stats: PARTIAL Column stats: NONE
                  Reduce Output Operator
                    null sort order: 
                    sort order: 
                    Statistics: Num rows: 1 Data size: 424 Basic stats: PARTIAL Column stats: NONE
                    value expressions: _col0 (type: struct<columntype:string,min:bigint,max:bigint,countnulls:bigint,bitvector:binary>)
            Select Operator
              expressions: a (type: int)
              outputColumnNames: _col0
              Statistics: Num rows: 1 Data size: 0 Basic stats: PARTIAL Column stats: NONE
              File Output Operator
                compressed: false
                Statistics: Num rows: 1 Data size: 0 Basic stats: PARTIAL Column stats: NONE
                table:
                    input format: org.apache.hadoop.mapred.TextInputFormat
                    output format: org.apache.hadoop.hive.ql.io.HiveIgnoreKeyTextOutputFormat
                    serde: org.apache.hadoop.hive.serde2.lazy.LazySimpleSerDe
                    name: default.t2
              Select Operator
                expressions: _col0 (type: int)
                outputColumnNames: a
                Statistics: Num rows: 1 Data size: 0 Basic stats: PARTIAL Column stats: NONE
                Group By Operator
                  aggregations: compute_stats(a, 'hll')
                  minReductionHashAggr: 0.99
                  mode: hash
                  outputColumnNames: _col0
                  Statistics: Num rows: 1 Data size: 424 Basic stats: PARTIAL Column stats: NONE
                  File Output Operator
                    compressed: false
                    table:
                        input format: org.apache.hadoop.mapred.SequenceFileInputFormat
                        output format: org.apache.hadoop.hive.ql.io.HiveSequenceFileOutputFormat
                        serde: org.apache.hadoop.hive.serde2.lazybinary.LazyBinarySerDe
      Reduce Operator Tree:
        Group By Operator
          aggregations: compute_stats(VALUE._col0)
          mode: mergepartial
          outputColumnNames: _col0
          Statistics: Num rows: 1 Data size: 440 Basic stats: PARTIAL Column stats: NONE
          File Output Operator
            compressed: false
            Statistics: Num rows: 1 Data size: 440 Basic stats: PARTIAL Column stats: NONE
            table:
                input format: org.apache.hadoop.mapred.SequenceFileInputFormat
                output format: org.apache.hadoop.hive.ql.io.HiveSequenceFileOutputFormat
                serde: org.apache.hadoop.hive.serde2.lazy.LazySimpleSerDe

  Stage: Stage-8
    Conditional Operator

  Stage: Stage-5
    Move Operator
      files:
          hdfs directory: true
#### A masked pattern was here ####

  Stage: Stage-0
    Move Operator
      tables:
          replace: false
          table:
              input format: org.apache.hadoop.mapred.TextInputFormat
              output format: org.apache.hadoop.hive.ql.io.HiveIgnoreKeyTextOutputFormat
              serde: org.apache.hadoop.hive.serde2.lazy.LazySimpleSerDe
              name: default.t

  Stage: Stage-3
    Stats Work
      Basic Stats Work:
      Column Stats Desc:
          Columns: a
          Column Types: int
          Table: default.t

  Stage: Stage-4
    Map Reduce
      Map Operator Tree:
          TableScan
            File Output Operator
              compressed: false
              table:
                  input format: org.apache.hadoop.mapred.TextInputFormat
                  output format: org.apache.hadoop.hive.ql.io.HiveIgnoreKeyTextOutputFormat
                  serde: org.apache.hadoop.hive.serde2.lazy.LazySimpleSerDe
                  name: default.t

  Stage: Stage-6
    Map Reduce
      Map Operator Tree:
          TableScan
            File Output Operator
              compressed: false
              table:
                  input format: org.apache.hadoop.mapred.TextInputFormat
                  output format: org.apache.hadoop.hive.ql.io.HiveIgnoreKeyTextOutputFormat
                  serde: org.apache.hadoop.hive.serde2.lazy.LazySimpleSerDe
                  name: default.t

  Stage: Stage-7
    Move Operator
      files:
          hdfs directory: true
#### A masked pattern was here ####

  Stage: Stage-1
    Move Operator
      tables:
          replace: false
          table:
              input format: org.apache.hadoop.mapred.TextInputFormat
              output format: org.apache.hadoop.hive.ql.io.HiveIgnoreKeyTextOutputFormat
              serde: org.apache.hadoop.hive.serde2.lazy.LazySimpleSerDe
              name: default.t2

  Stage: Stage-9
    Stats Work
      Basic Stats Work:
      Column Stats Desc:
          Columns: a
          Column Types: int
          Table: default.t2

  Stage: Stage-10
    Map Reduce
      Map Operator Tree:
          TableScan
            Reduce Output Operator
              null sort order: 
              sort order: 
              Statistics: Num rows: 1 Data size: 424 Basic stats: PARTIAL Column stats: NONE
              value expressions: _col0 (type: struct<columntype:string,min:bigint,max:bigint,countnulls:bigint,bitvector:binary>)
      Execution mode: vectorized
      Reduce Operator Tree:
        Group By Operator
          aggregations: compute_stats(VALUE._col0)
          mode: mergepartial
          outputColumnNames: _col0
          Statistics: Num rows: 1 Data size: 440 Basic stats: PARTIAL Column stats: NONE
          File Output Operator
            compressed: false
            Statistics: Num rows: 1 Data size: 440 Basic stats: PARTIAL Column stats: NONE
            table:
                input format: org.apache.hadoop.mapred.SequenceFileInputFormat
                output format: org.apache.hadoop.hive.ql.io.HiveSequenceFileOutputFormat
                serde: org.apache.hadoop.hive.serde2.lazy.LazySimpleSerDe

