PREHOOK: query: create table acid_uami_n0(i int,
                 de decimal(5,2) constraint nn1 not null enforced,
                 vc varchar(128) constraint ch2 CHECK (de >= cast(i as decimal(5,2))) enforced)
                 clustered by (i) into 2 buckets stored as orc TBLPROPERTIES ('transactional'='true')
PREHOOK: type: CREATETABLE
PREHOOK: Output: database:default
PREHOOK: Output: default@acid_uami_n0
POSTHOOK: query: create table acid_uami_n0(i int,
                 de decimal(5,2) constraint nn1 not null enforced,
                 vc varchar(128) constraint ch2 CHECK (de >= cast(i as decimal(5,2))) enforced)
                 clustered by (i) into 2 buckets stored as orc TBLPROPERTIES ('transactional'='true')
POSTHOOK: type: CREATETABLE
POSTHOOK: Output: database:default
POSTHOOK: Output: default@acid_uami_n0
PREHOOK: query: explain update acid_uami_n0 set de = 893.14 where de = 103.00 or de = 119.00
PREHOOK: type: QUERY
PREHOOK: Input: default@acid_uami_n0
PREHOOK: Output: default@acid_uami_n0
PREHOOK: Output: default@acid_uami_n0
POSTHOOK: query: explain update acid_uami_n0 set de = 893.14 where de = 103.00 or de = 119.00
POSTHOOK: type: QUERY
POSTHOOK: Input: default@acid_uami_n0
POSTHOOK: Output: default@acid_uami_n0
POSTHOOK: Output: default@acid_uami_n0
STAGE DEPENDENCIES:
  Stage-2 is a root stage
  Stage-0 depends on stages: Stage-2
  Stage-3 depends on stages: Stage-2
  Stage-1 depends on stages: Stage-3

STAGE PLANS:
  Stage: Stage-2
    Map Reduce
      Map Operator Tree:
          TableScan
            alias: acid_uami_n0
            filterExpr: (de) IN (103, 119) (type: boolean)
            Statistics: Num rows: 1 Data size: 0 Basic stats: PARTIAL Column stats: NONE
            Filter Operator
              predicate: (de) IN (103, 119) (type: boolean)
              Statistics: Num rows: 1 Data size: 0 Basic stats: PARTIAL Column stats: NONE
              Select Operator
                expressions: ROW__ID (type: struct<writeid:bigint,bucketid:int,rowid:bigint>), i (type: int), vc (type: varchar(128))
                outputColumnNames: _col0, _col1, _col3
                Statistics: Num rows: 1 Data size: 0 Basic stats: PARTIAL Column stats: NONE
                Select Operator
                  expressions: _col0 (type: struct<writeid:bigint,bucketid:int,rowid:bigint>)
                  outputColumnNames: _col0
                  Statistics: Num rows: 1 Data size: 0 Basic stats: PARTIAL Column stats: NONE
                  Reduce Output Operator
                    key expressions: _col0 (type: struct<writeid:bigint,bucketid:int,rowid:bigint>)
                    null sort order: z
                    sort order: +
                    Map-reduce partition columns: UDFToInteger(_col0) (type: int)
                    Statistics: Num rows: 1 Data size: 0 Basic stats: PARTIAL Column stats: NONE
                Select Operator
                  expressions: _col1 (type: int), 893.14 (type: decimal(5,2)), _col3 (type: varchar(128))
                  outputColumnNames: _col0, _col1, _col2
                  Statistics: Num rows: 1 Data size: 0 Basic stats: PARTIAL Column stats: NONE
                  Filter Operator
                    predicate: enforce_constraint((893.14 is not null and (893.14 >= CAST( _col0 AS decimal(5,2))) is not false)) (type: boolean)
                    Statistics: Num rows: 1 Data size: 0 Basic stats: PARTIAL Column stats: NONE
                    File Output Operator
                      compressed: false
                      table:
                          input format: org.apache.hadoop.mapred.SequenceFileInputFormat
                          output format: org.apache.hadoop.hive.ql.io.HiveSequenceFileOutputFormat
                          serde: org.apache.hadoop.hive.serde2.lazybinary.LazyBinarySerDe
      Execution mode: vectorized
      Reduce Operator Tree:
        Select Operator
          expressions: KEY.reducesinkkey0 (type: struct<writeid:bigint,bucketid:int,rowid:bigint>)
          outputColumnNames: _col0
          Statistics: Num rows: 1 Data size: 0 Basic stats: PARTIAL Column stats: NONE
          File Output Operator
            compressed: false
            Statistics: Num rows: 1 Data size: 0 Basic stats: PARTIAL Column stats: NONE
            table:
                input format: org.apache.hadoop.hive.ql.io.orc.OrcInputFormat
                output format: org.apache.hadoop.hive.ql.io.orc.OrcOutputFormat
                serde: org.apache.hadoop.hive.ql.io.orc.OrcSerde
                name: default.acid_uami_n0
            Write Type: DELETE

  Stage: Stage-0
    Move Operator
      tables:
          replace: false
          table:
              input format: org.apache.hadoop.hive.ql.io.orc.OrcInputFormat
              output format: org.apache.hadoop.hive.ql.io.orc.OrcOutputFormat
              serde: org.apache.hadoop.hive.ql.io.orc.OrcSerde
              name: default.acid_uami_n0
          Write Type: DELETE

  Stage: Stage-3
    Map Reduce
      Map Operator Tree:
          TableScan
            Reduce Output Operator
              key expressions: _col0 (type: int)
              null sort order: a
              sort order: +
              Map-reduce partition columns: _col0 (type: int)
              Statistics: Num rows: 1 Data size: 0 Basic stats: PARTIAL Column stats: NONE
              value expressions: _col1 (type: decimal(5,2)), _col2 (type: varchar(128))
      Execution mode: vectorized
      Reduce Operator Tree:
        Select Operator
          expressions: KEY.reducesinkkey0 (type: int), VALUE._col0 (type: decimal(5,2)), VALUE._col1 (type: varchar(128))
          outputColumnNames: _col0, _col1, _col2
          Statistics: Num rows: 1 Data size: 0 Basic stats: PARTIAL Column stats: NONE
          File Output Operator
            compressed: false
            Statistics: Num rows: 1 Data size: 0 Basic stats: PARTIAL Column stats: NONE
            table:
                input format: org.apache.hadoop.hive.ql.io.orc.OrcInputFormat
                output format: org.apache.hadoop.hive.ql.io.orc.OrcOutputFormat
                serde: org.apache.hadoop.hive.ql.io.orc.OrcSerde
                name: default.acid_uami_n0
            Write Type: INSERT

  Stage: Stage-1
    Move Operator
      tables:
          replace: false
          table:
              input format: org.apache.hadoop.hive.ql.io.orc.OrcInputFormat
              output format: org.apache.hadoop.hive.ql.io.orc.OrcOutputFormat
              serde: org.apache.hadoop.hive.ql.io.orc.OrcSerde
              name: default.acid_uami_n0
          Write Type: INSERT

PREHOOK: query: explain update acid_uami_n0 set de = 893.14 where de = 103.00 or de = 119.00
PREHOOK: type: QUERY
PREHOOK: Input: default@acid_uami_n0
PREHOOK: Output: default@acid_uami_n0
POSTHOOK: query: explain update acid_uami_n0 set de = 893.14 where de = 103.00 or de = 119.00
POSTHOOK: type: QUERY
POSTHOOK: Input: default@acid_uami_n0
POSTHOOK: Output: default@acid_uami_n0
STAGE DEPENDENCIES:
  Stage-1 is a root stage
  Stage-0 depends on stages: Stage-1
  Stage-2 depends on stages: Stage-0

STAGE PLANS:
  Stage: Stage-1
    Map Reduce
      Map Operator Tree:
          TableScan
            alias: acid_uami_n0
            filterExpr: ((de) IN (103, 119) and enforce_constraint((CAST( i AS decimal(5,2)) <= 893.14) is not false)) (type: boolean)
            Statistics: Num rows: 1 Data size: 0 Basic stats: PARTIAL Column stats: NONE
            Filter Operator
              predicate: ((de) IN (103, 119) and enforce_constraint((CAST( i AS decimal(5,2)) <= 893.14) is not false)) (type: boolean)
              Statistics: Num rows: 1 Data size: 0 Basic stats: PARTIAL Column stats: NONE
              Select Operator
                expressions: ROW__ID (type: struct<writeid:bigint,bucketid:int,rowid:bigint>), i (type: int), vc (type: varchar(128))
                outputColumnNames: _col0, _col1, _col3
                Statistics: Num rows: 1 Data size: 0 Basic stats: PARTIAL Column stats: NONE
                Reduce Output Operator
                  key expressions: _col0 (type: struct<writeid:bigint,bucketid:int,rowid:bigint>)
                  null sort order: z
                  sort order: +
                  Map-reduce partition columns: UDFToInteger(_col0) (type: int)
                  Statistics: Num rows: 1 Data size: 0 Basic stats: PARTIAL Column stats: NONE
                  value expressions: _col1 (type: int), 893.14 (type: decimal(5,2)), _col3 (type: varchar(128))
      Execution mode: vectorized
      Reduce Operator Tree:
        Select Operator
          expressions: KEY.reducesinkkey0 (type: struct<writeid:bigint,bucketid:int,rowid:bigint>), VALUE._col0 (type: int), VALUE._col1 (type: decimal(5,2)), VALUE._col2 (type: varchar(128))
          outputColumnNames: _col0, _col1, _col2, _col3
          Statistics: Num rows: 1 Data size: 0 Basic stats: PARTIAL Column stats: NONE
          File Output Operator
            compressed: false
            Statistics: Num rows: 1 Data size: 0 Basic stats: PARTIAL Column stats: NONE
            table:
                input format: org.apache.hadoop.hive.ql.io.orc.OrcInputFormat
                output format: org.apache.hadoop.hive.ql.io.orc.OrcOutputFormat
                serde: org.apache.hadoop.hive.ql.io.orc.OrcSerde
                name: default.acid_uami_n0
            Write Type: UPDATE

  Stage: Stage-0
    Move Operator
      tables:
          replace: false
          table:
              input format: org.apache.hadoop.hive.ql.io.orc.OrcInputFormat
              output format: org.apache.hadoop.hive.ql.io.orc.OrcOutputFormat
              serde: org.apache.hadoop.hive.ql.io.orc.OrcSerde
              name: default.acid_uami_n0
          Write Type: UPDATE

  Stage: Stage-2
    Stats Work
      Basic Stats Work:

