PREHOOK: query: CREATE TABLE repro(i STRING) STORED AS ORC
PREHOOK: type: CREATETABLE
PREHOOK: Output: database:default
PREHOOK: Output: default@repro
POSTHOOK: query: CREATE TABLE repro(i STRING) STORED AS ORC
POSTHOOK: type: CREATETABLE
POSTHOOK: Output: database:default
POSTHOOK: Output: default@repro
PREHOOK: query: INSERT INTO repro VALUES (NULL), (NULL), (NULL)
PREHOOK: type: QUERY
PREHOOK: Input: _dummy_database@_dummy_table
PREHOOK: Output: default@repro
POSTHOOK: query: INSERT INTO repro VALUES (NULL), (NULL), (NULL)
POSTHOOK: type: QUERY
POSTHOOK: Input: _dummy_database@_dummy_table
POSTHOOK: Output: default@repro
POSTHOOK: Lineage: repro.i EXPRESSION []
PREHOOK: query: EXPLAIN
SELECT * FROM (SELECT * FROM repro) a, (SELECT * FROM repro) b, (SELECT * FROM repro) c  WHERE a.i IS NOT NULL AND b.i IS NOT NULL AND b.i = a.i AND a.i = c.i
PREHOOK: type: QUERY
PREHOOK: Input: default@repro
#### A masked pattern was here ####
POSTHOOK: query: EXPLAIN
SELECT * FROM (SELECT * FROM repro) a, (SELECT * FROM repro) b, (SELECT * FROM repro) c  WHERE a.i IS NOT NULL AND b.i IS NOT NULL AND b.i = a.i AND a.i = c.i
POSTHOOK: type: QUERY
POSTHOOK: Input: default@repro
#### A masked pattern was here ####
STAGE DEPENDENCIES:
  Stage-1 is a root stage
  Stage-2 depends on stages: Stage-1
  Stage-0 depends on stages: Stage-2

STAGE PLANS:
  Stage: Stage-1
    Map Reduce
      Map Operator Tree:
          TableScan
            alias: repro
            filterExpr: i is not null (type: boolean)
            Statistics: Num rows: 3 Data size: 1850 Basic stats: COMPLETE Column stats: NONE
            Filter Operator
              predicate: i is not null (type: boolean)
              Statistics: Num rows: 3 Data size: 1850 Basic stats: COMPLETE Column stats: NONE
              Select Operator
                expressions: i (type: string)
                outputColumnNames: _col0
                Statistics: Num rows: 3 Data size: 1850 Basic stats: COMPLETE Column stats: NONE
                Reduce Output Operator
                  key expressions: _col0 (type: string)
                  null sort order: a
                  sort order: +
                  Map-reduce partition columns: _col0 (type: string)
                  Statistics: Num rows: 3 Data size: 1850 Basic stats: COMPLETE Column stats: NONE
          TableScan
            alias: repro
            filterExpr: i is not null (type: boolean)
            Statistics: Num rows: 3 Data size: 1850 Basic stats: COMPLETE Column stats: NONE
            Filter Operator
              predicate: i is not null (type: boolean)
              Statistics: Num rows: 3 Data size: 1850 Basic stats: COMPLETE Column stats: NONE
              Select Operator
                expressions: i (type: string)
                outputColumnNames: _col0
                Statistics: Num rows: 3 Data size: 1850 Basic stats: COMPLETE Column stats: NONE
                Reduce Output Operator
                  key expressions: _col0 (type: string)
                  null sort order: a
                  sort order: +
                  Map-reduce partition columns: _col0 (type: string)
                  Statistics: Num rows: 3 Data size: 1850 Basic stats: COMPLETE Column stats: NONE
      Reduce Operator Tree:
        Join Operator
          condition map:
               Inner Join 0 to 1
          keys:
            0 _col0 (type: string)
            1 _col0 (type: string)
          outputColumnNames: _col0, _col1
          Statistics: Num rows: 3 Data size: 2035 Basic stats: COMPLETE Column stats: NONE
          File Output Operator
            compressed: false
            table:
                input format: org.apache.hadoop.mapred.SequenceFileInputFormat
                output format: org.apache.hadoop.hive.ql.io.HiveSequenceFileOutputFormat
                serde: org.apache.hadoop.hive.serde2.lazybinary.LazyBinarySerDe

  Stage: Stage-2
    Map Reduce
      Map Operator Tree:
          TableScan
            Reduce Output Operator
              key expressions: _col0 (type: string)
              null sort order: a
              sort order: +
              Map-reduce partition columns: _col0 (type: string)
              Statistics: Num rows: 3 Data size: 2035 Basic stats: COMPLETE Column stats: NONE
              value expressions: _col1 (type: string)
          TableScan
            alias: repro
            filterExpr: i is not null (type: boolean)
            Statistics: Num rows: 3 Data size: 1850 Basic stats: COMPLETE Column stats: NONE
            Filter Operator
              predicate: i is not null (type: boolean)
              Statistics: Num rows: 3 Data size: 1850 Basic stats: COMPLETE Column stats: NONE
              Select Operator
                expressions: i (type: string)
                outputColumnNames: _col0
                Statistics: Num rows: 3 Data size: 1850 Basic stats: COMPLETE Column stats: NONE
                Reduce Output Operator
                  key expressions: _col0 (type: string)
                  null sort order: a
                  sort order: +
                  Map-reduce partition columns: _col0 (type: string)
                  Statistics: Num rows: 3 Data size: 1850 Basic stats: COMPLETE Column stats: NONE
      Reduce Operator Tree:
        Join Operator
          condition map:
               Inner Join 0 to 1
          keys:
            0 _col0 (type: string)
            1 _col0 (type: string)
          outputColumnNames: _col0, _col1, _col2
          Statistics: Num rows: 3 Data size: 2238 Basic stats: COMPLETE Column stats: NONE
          File Output Operator
            compressed: false
            Statistics: Num rows: 3 Data size: 2238 Basic stats: COMPLETE Column stats: NONE
            table:
                input format: org.apache.hadoop.mapred.SequenceFileInputFormat
                output format: org.apache.hadoop.hive.ql.io.HiveSequenceFileOutputFormat
                serde: org.apache.hadoop.hive.serde2.lazy.LazySimpleSerDe

  Stage: Stage-0
    Fetch Operator
      limit: -1
      Processor Tree:
        ListSink

PREHOOK: query: SELECT * FROM (SELECT * FROM repro) a, (SELECT * FROM repro) b, (SELECT * FROM repro) c  WHERE a.i IS NOT NULL AND b.i IS NOT NULL AND b.i = a.i AND a.i = c.i
PREHOOK: type: QUERY
PREHOOK: Input: default@repro
#### A masked pattern was here ####
POSTHOOK: query: SELECT * FROM (SELECT * FROM repro) a, (SELECT * FROM repro) b, (SELECT * FROM repro) c  WHERE a.i IS NOT NULL AND b.i IS NOT NULL AND b.i = a.i AND a.i = c.i
POSTHOOK: type: QUERY
POSTHOOK: Input: default@repro
#### A masked pattern was here ####
PREHOOK: query: ALTER TABLE repro SET TBLPROPERTIES ('numRows' = '0', 'STATS_GENERATED_VIA_STATS_TASK' = 'true')
PREHOOK: type: ALTERTABLE_PROPERTIES
PREHOOK: Input: default@repro
PREHOOK: Output: default@repro
POSTHOOK: query: ALTER TABLE repro SET TBLPROPERTIES ('numRows' = '0', 'STATS_GENERATED_VIA_STATS_TASK' = 'true')
POSTHOOK: type: ALTERTABLE_PROPERTIES
POSTHOOK: Input: default@repro
POSTHOOK: Output: default@repro
PREHOOK: query: EXPLAIN
SELECT * FROM (SELECT * FROM repro) a, (SELECT * FROM repro) b, (SELECT * FROM repro) c  WHERE a.i IS NOT NULL AND b.i IS NOT NULL AND b.i = a.i AND a.i = c.i
PREHOOK: type: QUERY
PREHOOK: Input: default@repro
#### A masked pattern was here ####
POSTHOOK: query: EXPLAIN
SELECT * FROM (SELECT * FROM repro) a, (SELECT * FROM repro) b, (SELECT * FROM repro) c  WHERE a.i IS NOT NULL AND b.i IS NOT NULL AND b.i = a.i AND a.i = c.i
POSTHOOK: type: QUERY
POSTHOOK: Input: default@repro
#### A masked pattern was here ####
STAGE DEPENDENCIES:
  Stage-1 is a root stage
  Stage-2 depends on stages: Stage-1
  Stage-0 depends on stages: Stage-2

STAGE PLANS:
  Stage: Stage-1
    Map Reduce
      Map Operator Tree:
          TableScan
            alias: repro
            filterExpr: i is not null (type: boolean)
            Statistics: Num rows: 1 Data size: 1850 Basic stats: COMPLETE Column stats: NONE
            Filter Operator
              predicate: i is not null (type: boolean)
              Statistics: Num rows: 1 Data size: 1850 Basic stats: COMPLETE Column stats: NONE
              Select Operator
                expressions: i (type: string)
                outputColumnNames: _col0
                Statistics: Num rows: 1 Data size: 1850 Basic stats: COMPLETE Column stats: NONE
                Reduce Output Operator
                  key expressions: _col0 (type: string)
                  null sort order: a
                  sort order: +
                  Map-reduce partition columns: _col0 (type: string)
                  Statistics: Num rows: 1 Data size: 1850 Basic stats: COMPLETE Column stats: NONE
          TableScan
            alias: repro
            filterExpr: i is not null (type: boolean)
            Statistics: Num rows: 1 Data size: 1850 Basic stats: COMPLETE Column stats: NONE
            Filter Operator
              predicate: i is not null (type: boolean)
              Statistics: Num rows: 1 Data size: 1850 Basic stats: COMPLETE Column stats: NONE
              Select Operator
                expressions: i (type: string)
                outputColumnNames: _col0
                Statistics: Num rows: 1 Data size: 1850 Basic stats: COMPLETE Column stats: NONE
                Reduce Output Operator
                  key expressions: _col0 (type: string)
                  null sort order: a
                  sort order: +
                  Map-reduce partition columns: _col0 (type: string)
                  Statistics: Num rows: 1 Data size: 1850 Basic stats: COMPLETE Column stats: NONE
      Reduce Operator Tree:
        Join Operator
          condition map:
               Inner Join 0 to 1
          keys:
            0 _col0 (type: string)
            1 _col0 (type: string)
          outputColumnNames: _col0, _col1
          Statistics: Num rows: 1 Data size: 2035 Basic stats: COMPLETE Column stats: NONE
          File Output Operator
            compressed: false
            table:
                input format: org.apache.hadoop.mapred.SequenceFileInputFormat
                output format: org.apache.hadoop.hive.ql.io.HiveSequenceFileOutputFormat
                serde: org.apache.hadoop.hive.serde2.lazybinary.LazyBinarySerDe

  Stage: Stage-2
    Map Reduce
      Map Operator Tree:
          TableScan
            Reduce Output Operator
              key expressions: _col0 (type: string)
              null sort order: a
              sort order: +
              Map-reduce partition columns: _col0 (type: string)
              Statistics: Num rows: 1 Data size: 2035 Basic stats: COMPLETE Column stats: NONE
              value expressions: _col1 (type: string)
          TableScan
            alias: repro
            filterExpr: i is not null (type: boolean)
            Statistics: Num rows: 1 Data size: 1850 Basic stats: COMPLETE Column stats: NONE
            Filter Operator
              predicate: i is not null (type: boolean)
              Statistics: Num rows: 1 Data size: 1850 Basic stats: COMPLETE Column stats: NONE
              Select Operator
                expressions: i (type: string)
                outputColumnNames: _col0
                Statistics: Num rows: 1 Data size: 1850 Basic stats: COMPLETE Column stats: NONE
                Reduce Output Operator
                  key expressions: _col0 (type: string)
                  null sort order: a
                  sort order: +
                  Map-reduce partition columns: _col0 (type: string)
                  Statistics: Num rows: 1 Data size: 1850 Basic stats: COMPLETE Column stats: NONE
      Reduce Operator Tree:
        Join Operator
          condition map:
               Inner Join 0 to 1
          keys:
            0 _col0 (type: string)
            1 _col0 (type: string)
          outputColumnNames: _col0, _col1, _col2
          Statistics: Num rows: 1 Data size: 2238 Basic stats: COMPLETE Column stats: NONE
          File Output Operator
            compressed: false
            Statistics: Num rows: 1 Data size: 2238 Basic stats: COMPLETE Column stats: NONE
            table:
                input format: org.apache.hadoop.mapred.SequenceFileInputFormat
                output format: org.apache.hadoop.hive.ql.io.HiveSequenceFileOutputFormat
                serde: org.apache.hadoop.hive.serde2.lazy.LazySimpleSerDe

  Stage: Stage-0
    Fetch Operator
      limit: -1
      Processor Tree:
        ListSink

PREHOOK: query: SELECT * FROM (SELECT * FROM repro) a, (SELECT * FROM repro) b, (SELECT * FROM repro) c  WHERE a.i IS NOT NULL AND b.i IS NOT NULL AND b.i = a.i AND a.i = c.i
PREHOOK: type: QUERY
PREHOOK: Input: default@repro
#### A masked pattern was here ####
POSTHOOK: query: SELECT * FROM (SELECT * FROM repro) a, (SELECT * FROM repro) b, (SELECT * FROM repro) c  WHERE a.i IS NOT NULL AND b.i IS NOT NULL AND b.i = a.i AND a.i = c.i
POSTHOOK: type: QUERY
POSTHOOK: Input: default@repro
#### A masked pattern was here ####
PREHOOK: query: DROP TABLE repro
PREHOOK: type: DROPTABLE
PREHOOK: Input: default@repro
PREHOOK: Output: default@repro
POSTHOOK: query: DROP TABLE repro
POSTHOOK: type: DROPTABLE
POSTHOOK: Input: default@repro
POSTHOOK: Output: default@repro
